<?xml version="1.0" encoding="UTF-8"?>
<!-- Generated by org.testng.reporters.JUnitReportReporter -->
<testsuite skipped="0" hostname="9854551s-MBP" name="testNG_Annotations.Annote_examples" tests="2" failures="0" timestamp="2020-06-16T16:09:38 BST" time="0.007" errors="0">
  <testcase name="annote_test3" time="0.006" classname="testNG_Annotations.Annote_examples"/>
  <system-out/>
  <testcase name="annote_test4" time="0.001" classname="testNG_Annotations.Annote_examples"/>
  <system-out/>
</testsuite> <!-- testNG_Annotations.Annote_examples -->
