<?xml version="1.0" encoding="UTF-8"?>
<!-- Generated by org.testng.reporters.JUnitReportReporter -->
<testsuite skipped="0" hostname="9854551s-MBP" name="testNG_Basics.HomeLoans" tests="3" failures="0" timestamp="2020-07-07T22:33:31 BST" time="0.003" errors="0">
  <testcase name="HomeH" time="0.001" classname="testNG_Basics.HomeLoans"/>
  <system-out/>
  <testcase name="Homes" time="0.001" classname="testNG_Basics.HomeLoans"/>
  <system-out/>
  <testcase name="HomeR" time="0.001" classname="testNG_Basics.HomeLoans"/>
  <system-out/>
</testsuite> <!-- testNG_Basics.HomeLoans -->
