<?xml version="1.0" encoding="UTF-8"?>
<!-- Generated by org.testng.reporters.JUnitReportReporter -->
<testsuite skipped="1" hostname="9854551s-MBP" name="testNG_Basics.Meditation" tests="3" failures="0" timestamp="2020-06-16T19:10:32 BST" time="0.008" errors="0">
  <testcase name="meditateTest5" time="0.001" classname="testNG_Basics.Meditation"/>
  <system-out/>
  <testcase name="meditateTest2" time="0.007" classname="testNG_Basics.Meditation"/>
  <system-out/>
  <testcase name="meditateTest4" classname="testNG_Basics.Meditation">
    <skipped/>
  </testcase> <!-- meditateTest4 -->
  <system-out/>
</testsuite> <!-- testNG_Basics.Meditation -->
