<?xml version="1.0" encoding="UTF-8"?>
<!-- Generated by org.testng.reporters.JUnitReportReporter -->
<testsuite skipped="0" hostname="9854551s-MBP" name="testNG_Basics.SportsLoan" tests="2" failures="0" timestamp="2020-07-07T22:33:31 BST" time="0.006" errors="0">
  <testcase name="CricektH" time="0.006" classname="testNG_Basics.SportsLoan"/>
  <system-out/>
  <testcase name="CricketA" time="0.000" classname="testNG_Basics.SportsLoan"/>
  <system-out/>
</testsuite> <!-- testNG_Basics.SportsLoan -->
