<?xml version="1.0" encoding="UTF-8"?>
<!-- Generated by org.testng.reporters.JUnitReportReporter -->
<testsuite skipped="0" hostname="9854551s-MBP" name="testNG_Basics.Yoga" tests="5" failures="0" timestamp="2020-06-16T19:14:23 BST" time="0.012" errors="0">
  <testcase name="yogaTest1" time="0.007" classname="testNG_Basics.Yoga"/>
  <system-out/>
  <testcase name="yogaTest3" time="0.001" classname="testNG_Basics.Yoga"/>
  <system-out/>
  <testcase name="yogaTest3" time="0.001" classname="testNG_Basics.Yoga"/>
  <system-out/>
  <testcase name="yogaTest3" time="0.002" classname="testNG_Basics.Yoga"/>
  <system-out/>
  <testcase name="yogaTest2" time="0.001" classname="testNG_Basics.Yoga"/>
  <system-out/>
</testsuite> <!-- testNG_Basics.Yoga -->
