<?xml version="1.0" encoding="UTF-8"?>
<!-- Generated by org.testng.reporters.JUnitReportReporter -->
<testsuite skipped="0" hostname="9854551s-MBP" name="testNG_Basics.Shopping" tests="2" failures="0" timestamp="2020-06-15T21:57:46 BST" time="0.002" errors="0">
  <testcase name="shopCartTest1" time="0.001" classname="testNG_Basics.Shopping"/>
  <system-out/>
  <testcase name="shopCartTest2" time="0.001" classname="testNG_Basics.Shopping"/>
  <system-out/>
</testsuite> <!-- testNG_Basics.Shopping -->
